[debug] [2023-06-17T15:01:04.400Z] ----------------------------------------------------------------------
[debug] [2023-06-17T15:01:04.402Z] Command:       /opt/homebrew/Cellar/node/20.0.0/bin/node /opt/homebrew/bin/firebase emulators:start
[debug] [2023-06-17T15:01:04.402Z] CLI Version:   12.4.0
[debug] [2023-06-17T15:01:04.402Z] Platform:      darwin
[debug] [2023-06-17T15:01:04.402Z] Node Version:  v20.0.0
[debug] [2023-06-17T15:01:04.402Z] Time:          Sat Jun 17 2023 12:01:04 GMT-0300 (Brasilia Standard Time)
[debug] [2023-06-17T15:01:04.402Z] ----------------------------------------------------------------------
[debug] 
[debug] [2023-06-17T15:01:04.453Z] > command requires scopes: ["email","openid","https://www.googleapis.com/auth/cloudplatformprojects.readonly","https://www.googleapis.com/auth/firebase","https://www.googleapis.com/auth/cloud-platform"]
[debug] [2023-06-17T15:01:04.453Z] > authorizing via signed-in user (viniciusgoneli2013@gmail.com)
[debug] [2023-06-17T15:01:04.590Z] openjdk version "11.0.19" 2023-04-18 LTS
[debug] [2023-06-17T15:01:04.590Z] 
OpenJDK Runtime Environment Zulu11.64+19-CA (build 11.0.19+7-LTS)
OpenJDK 64-Bit Server VM Zulu11.64+19-CA (build 11.0.19+7-LTS, mixed mode)

[debug] [2023-06-17T15:01:04.593Z] Parsed Java major version: 11
[info] i  emulators: Starting emulators: auth, database, storage {"metadata":{"emulator":{"name":"hub"},"message":"Starting emulators: auth, database, storage"}}
[debug] [2023-06-17T15:01:05.048Z] [logging] Logging Emulator only supports listening on one address (127.0.0.1). Not listening on ::1
[debug] [2023-06-17T15:01:05.048Z] [auth] Authentication Emulator only supports listening on one address (127.0.0.1). Not listening on ::1
[debug] [2023-06-17T15:01:05.048Z] [database] Database Emulator only supports listening on one address (127.0.0.1). Not listening on ::1
[debug] [2023-06-17T15:01:05.048Z] [storage] Storage Emulator only supports listening on one address (127.0.0.1). Not listening on ::1
[debug] [2023-06-17T15:01:05.048Z] assigned listening specs for emulators {"user":{"hub":[{"address":"127.0.0.1","family":"IPv4","port":4400},{"address":"::1","family":"IPv6","port":4400}],"ui":[{"address":"127.0.0.1","family":"IPv4","port":9003},{"address":"::1","family":"IPv6","port":9003}],"logging":[{"address":"127.0.0.1","family":"IPv4","port":4500}],"auth":[{"address":"127.0.0.1","family":"IPv4","port":9000}],"database":[{"address":"127.0.0.1","family":"IPv4","port":9001}],"storage":[{"address":"127.0.0.1","family":"IPv4","port":9002}]},"metadata":{"message":"assigned listening specs for emulators"}}
[debug] [2023-06-17T15:01:05.053Z] [hub] writing locator at /var/folders/2_/kjbb4l2n6416_ht7w_btm_qr0000gn/T/hub-tecnoshop-4aa05.json
[debug] [2023-06-17T15:01:05.057Z] >>> [apiv2][query] GET https://firebase.googleapis.com/v1beta1/projects/tecnoshop-4aa05 [none]
[debug] [2023-06-17T15:01:05.512Z] <<< [apiv2][status] GET https://firebase.googleapis.com/v1beta1/projects/tecnoshop-4aa05 200
[debug] [2023-06-17T15:01:05.513Z] <<< [apiv2][body] GET https://firebase.googleapis.com/v1beta1/projects/tecnoshop-4aa05 {"projectId":"tecnoshop-4aa05","projectNumber":"364247555751","displayName":"TecnoShop","name":"projects/tecnoshop-4aa05","resources":{"hostingSite":"tecnoshop-4aa05","realtimeDatabaseInstance":"tecnoshop-4aa05-default-rtdb","storageBucket":"tecnoshop-4aa05.appspot.com","locationId":"us-central"},"state":"ACTIVE","etag":"1_33118aff-bf3d-4cb6-b5f8-2d6d11a130ed"}
[debug] [2023-06-17T15:01:05.513Z] database rules config:  [{"instance":"tecnoshop-4aa05-default-rtdb","rules":"/Users/viniciusgoneli/Desktop/clothes-shop/database.rules.json"}]
[debug] [2023-06-17T15:01:05.518Z] Ignoring unsupported arg: projectId {"metadata":{"emulator":{"name":"database"},"message":"Ignoring unsupported arg: projectId"}}
[debug] [2023-06-17T15:01:05.518Z] Ignoring unsupported arg: auto_download {"metadata":{"emulator":{"name":"database"},"message":"Ignoring unsupported arg: auto_download"}}
[debug] [2023-06-17T15:01:05.518Z] Ignoring unsupported arg: rules {"metadata":{"emulator":{"name":"database"},"message":"Ignoring unsupported arg: rules"}}
[debug] [2023-06-17T15:01:05.518Z] Starting Database Emulator with command {"binary":"java","args":["-Duser.language=en","-jar","/Users/viniciusgoneli/.cache/firebase/emulators/firebase-database-emulator-v4.11.2.jar","--host","127.0.0.1","--port",9001,"--single_project_mode","Warning"],"optionalArgs":["port","host","functions_emulator_port","functions_emulator_host","single_project_mode"],"joinArgs":false} {"metadata":{"emulator":{"name":"database"},"message":"Starting Database Emulator with command {\"binary\":\"java\",\"args\":[\"-Duser.language=en\",\"-jar\",\"/Users/viniciusgoneli/.cache/firebase/emulators/firebase-database-emulator-v4.11.2.jar\",\"--host\",\"127.0.0.1\",\"--port\",9001,\"--single_project_mode\",\"Warning\"],\"optionalArgs\":[\"port\",\"host\",\"functions_emulator_port\",\"functions_emulator_host\",\"single_project_mode\"],\"joinArgs\":false}"}}
[info] i  database: Database Emulator logging to database-debug.log {"metadata":{"emulator":{"name":"database"},"message":"Database Emulator logging to \u001b[1mdatabase-debug.log\u001b[22m"}}
[debug] [2023-06-17T15:01:06.097Z] WARNING: An illegal reflective access operation has occurred
WARNING: Illegal reflective access by io.netty.util.internal.ReflectionUtil (file:/Users/viniciusgoneli/.cache/firebase/emulators/firebase-database-emulator-v4.11.2.jar) to field sun.nio.ch.SelectorImpl.selectedKeys
WARNING: Please consider reporting this to the maintainers of io.netty.util.internal.ReflectionUtil
WARNING: Use --illegal-access=warn to enable warnings of further illegal reflective access operations
WARNING: All illegal access operations will be denied in a future release
 {"metadata":{"emulator":{"name":"database"},"message":"WARNING: An illegal reflective access operation has occurred\nWARNING: Illegal reflective access by io.netty.util.internal.ReflectionUtil (file:/Users/viniciusgoneli/.cache/firebase/emulators/firebase-database-emulator-v4.11.2.jar) to field sun.nio.ch.SelectorImpl.selectedKeys\nWARNING: Please consider reporting this to the maintainers of io.netty.util.internal.ReflectionUtil\nWARNING: Use --illegal-access=warn to enable warnings of further illegal reflective access operations\nWARNING: All illegal access operations will be denied in a future release\n"}}
[debug] [2023-06-17T15:01:06.536Z] 12:01:06.535 [NamespaceSystem-akka.actor.default-dispatcher-4] INFO akka.event.slf4j.Slf4jLogger - Slf4jLogger started
 {"metadata":{"emulator":{"name":"database"},"message":"12:01:06.535 [NamespaceSystem-akka.actor.default-dispatcher-4] INFO akka.event.slf4j.Slf4jLogger - Slf4jLogger started\n"}}
[debug] [2023-06-17T15:01:06.646Z] 12:01:06.645 [main] INFO com.firebase.server.forge.App$ - Listening at 127.0.0.1:9001
 {"metadata":{"emulator":{"name":"database"},"message":"12:01:06.645 [main] INFO com.firebase.server.forge.App$ - Listening at 127.0.0.1:9001\n"}}
[debug] [2023-06-17T15:01:09.568Z] Ignoring unsupported arg: port {"metadata":{"emulator":{"name":"storage"},"message":"Ignoring unsupported arg: port"}}
[debug] [2023-06-17T15:01:10.121Z] Temp file directory for storage emulator: /var/folders/2_/kjbb4l2n6416_ht7w_btm_qr0000gn/T/firebase/storage/blobs {"metadata":{"emulator":{"name":"storage"},"message":"Temp file directory for storage emulator: /var/folders/2_/kjbb4l2n6416_ht7w_btm_qr0000gn/T/firebase/storage/blobs"}}
[info] i  ui: downloading ui-v1.11.6.zip... {"metadata":{"emulator":{"name":"ui"},"message":"downloading ui-v1.11.6.zip..."}}
[debug] [2023-06-17T15:01:10.127Z] >>> [apiv2][query] GET https://storage.googleapis.com/firebase-preview-drop/emulator/ui-v1.11.6.zip 
[debug] [2023-06-17T15:01:10.292Z] <<< [apiv2][status] GET https://storage.googleapis.com/firebase-preview-drop/emulator/ui-v1.11.6.zip 200
[debug] [2023-06-17T15:01:10.292Z] <<< [apiv2][body] GET https://storage.googleapis.com/firebase-preview-drop/emulator/ui-v1.11.6.zip [stream]
[debug] [2023-06-17T15:01:10.545Z] Data is 3063444
[debug] [2023-06-17T15:01:10.545Z] [unzip] Entry: client/ (compressed_size=0 bytes, uncompressed_size=0 bytes)
[debug] [2023-06-17T15:01:10.545Z] [unzip] Processing entry: client/
[debug] [2023-06-17T15:01:10.545Z] [unzip] mkdir: /Users/viniciusgoneli/.cache/firebase/emulators/ui-v1.11.6/client/
[debug] [2023-06-17T15:01:10.546Z] [unzip] Entry: client/favicon.ico (compressed_size=2497 bytes, uncompressed_size=7406 bytes)
[debug] [2023-06-17T15:01:10.546Z] [unzip] Processing entry: client/favicon.ico
[debug] [2023-06-17T15:01:10.546Z] [unzip] else mkdir: /Users/viniciusgoneli/.cache/firebase/emulators/ui-v1.11.6/client
[debug] [2023-06-17T15:01:10.546Z] [unzip] deflating: /Users/viniciusgoneli/.cache/firebase/emulators/ui-v1.11.6/client/favicon.ico
[debug] [2023-06-17T15:01:10.548Z] [unzip] Entry: client/apple-touch-icon.png (compressed_size=7231 bytes, uncompressed_size=7367 bytes)
[debug] [2023-06-17T15:01:10.548Z] [unzip] Processing entry: client/apple-touch-icon.png
[debug] [2023-06-17T15:01:10.548Z] [unzip] else mkdir: /Users/viniciusgoneli/.cache/firebase/emulators/ui-v1.11.6/client
[debug] [2023-06-17T15:01:10.548Z] [unzip] deflating: /Users/viniciusgoneli/.cache/firebase/emulators/ui-v1.11.6/client/apple-touch-icon.png
[debug] [2023-06-17T15:01:10.548Z] [unzip] Entry: client/android-chrome-512x512.png (compressed_size=16987 bytes, uncompressed_size=18186 bytes)
[debug] [2023-06-17T15:01:10.548Z] [unzip] Processing entry: client/android-chrome-512x512.png
[debug] [2023-06-17T15:01:10.548Z] [unzip] else mkdir: /Users/viniciusgoneli/.cache/firebase/emulators/ui-v1.11.6/client
[debug] [2023-06-17T15:01:10.548Z] [unzip] deflating: /Users/viniciusgoneli/.cache/firebase/emulators/ui-v1.11.6/client/android-chrome-512x512.png
[debug] [2023-06-17T15:01:10.549Z] [unzip] Entry: client/assets/ (compressed_size=0 bytes, uncompressed_size=0 bytes)
[debug] [2023-06-17T15:01:10.549Z] [unzip] Processing entry: client/assets/
[debug] [2023-06-17T15:01:10.549Z] [unzip] mkdir: /Users/viniciusgoneli/.cache/firebase/emulators/ui-v1.11.6/client/assets/
[debug] [2023-06-17T15:01:10.549Z] [unzip] Entry: client/assets/extensions/ (compressed_size=0 bytes, uncompressed_size=0 bytes)
[debug] [2023-06-17T15:01:10.549Z] [unzip] Processing entry: client/assets/extensions/
[debug] [2023-06-17T15:01:10.549Z] [unzip] mkdir: /Users/viniciusgoneli/.cache/firebase/emulators/ui-v1.11.6/client/assets/extensions/
[debug] [2023-06-17T15:01:10.549Z] [unzip] Entry: client/assets/extensions/default-extension.png (compressed_size=1646 bytes, uncompressed_size=1657 bytes)
[debug] [2023-06-17T15:01:10.550Z] [unzip] Processing entry: client/assets/extensions/default-extension.png
[debug] [2023-06-17T15:01:10.550Z] [unzip] else mkdir: /Users/viniciusgoneli/.cache/firebase/emulators/ui-v1.11.6/client/assets/extensions
[debug] [2023-06-17T15:01:10.550Z] [unzip] deflating: /Users/viniciusgoneli/.cache/firebase/emulators/ui-v1.11.6/client/assets/extensions/default-extension.png
[debug] [2023-06-17T15:01:10.550Z] [unzip] Entry: client/assets/index.85584c3f.js (compressed_size=526096 bytes, uncompressed_size=1859818 bytes)
[debug] [2023-06-17T15:01:10.550Z] [unzip] Processing entry: client/assets/index.85584c3f.js
[debug] [2023-06-17T15:01:10.550Z] [unzip] else mkdir: /Users/viniciusgoneli/.cache/firebase/emulators/ui-v1.11.6/client/assets
[debug] [2023-06-17T15:01:10.550Z] [unzip] deflating: /Users/viniciusgoneli/.cache/firebase/emulators/ui-v1.11.6/client/assets/index.85584c3f.js
[debug] [2023-06-17T15:01:10.559Z] [unzip] Entry: client/assets/provider-icons/ (compressed_size=0 bytes, uncompressed_size=0 bytes)
[debug] [2023-06-17T15:01:10.559Z] [unzip] Processing entry: client/assets/provider-icons/
[debug] [2023-06-17T15:01:10.559Z] [unzip] mkdir: /Users/viniciusgoneli/.cache/firebase/emulators/ui-v1.11.6/client/assets/provider-icons/
[debug] [2023-06-17T15:01:10.559Z] [unzip] Entry: client/assets/provider-icons/auth_service_oidc.svg (compressed_size=414 bytes, uncompressed_size=858 bytes)
[debug] [2023-06-17T15:01:10.559Z] [unzip] Processing entry: client/assets/provider-icons/auth_service_oidc.svg
[debug] [2023-06-17T15:01:10.559Z] [unzip] else mkdir: /Users/viniciusgoneli/.cache/firebase/emulators/ui-v1.11.6/client/assets/provider-icons
[debug] [2023-06-17T15:01:10.559Z] [unzip] deflating: /Users/viniciusgoneli/.cache/firebase/emulators/ui-v1.11.6/client/assets/provider-icons/auth_service_oidc.svg
[debug] [2023-06-17T15:01:10.560Z] [unzip] Entry: client/assets/provider-icons/auth_service_yahoo.svg (compressed_size=577 bytes, uncompressed_size=1182 bytes)
[debug] [2023-06-17T15:01:10.560Z] [unzip] Processing entry: client/assets/provider-icons/auth_service_yahoo.svg
[debug] [2023-06-17T15:01:10.560Z] [unzip] else mkdir: /Users/viniciusgoneli/.cache/firebase/emulators/ui-v1.11.6/client/assets/provider-icons
[debug] [2023-06-17T15:01:10.560Z] [unzip] deflating: /Users/viniciusgoneli/.cache/firebase/emulators/ui-v1.11.6/client/assets/provider-icons/auth_service_yahoo.svg
[debug] [2023-06-17T15:01:10.560Z] [unzip] Entry: client/assets/provider-icons/auth_service_phone.svg (compressed_size=261 bytes, uncompressed_size=414 bytes)
[debug] [2023-06-17T15:01:10.560Z] [unzip] Processing entry: client/assets/provider-icons/auth_service_phone.svg
[debug] [2023-06-17T15:01:10.560Z] [unzip] else mkdir: /Users/viniciusgoneli/.cache/firebase/emulators/ui-v1.11.6/client/assets/provider-icons
[debug] [2023-06-17T15:01:10.560Z] [unzip] deflating: /Users/viniciusgoneli/.cache/firebase/emulators/ui-v1.11.6/client/assets/provider-icons/auth_service_phone.svg
[debug] [2023-06-17T15:01:10.561Z] [unzip] Entry: client/assets/provider-icons/auth_service_saml.svg (compressed_size=575 bytes, uncompressed_size=1226 bytes)
[debug] [2023-06-17T15:01:10.561Z] [unzip] Processing entry: client/assets/provider-icons/auth_service_saml.svg
[debug] [2023-06-17T15:01:10.561Z] [unzip] else mkdir: /Users/viniciusgoneli/.cache/firebase/emulators/ui-v1.11.6/client/assets/provider-icons
[debug] [2023-06-17T15:01:10.561Z] [unzip] deflating: /Users/viniciusgoneli/.cache/firebase/emulators/ui-v1.11.6/client/assets/provider-icons/auth_service_saml.svg
[debug] [2023-06-17T15:01:10.561Z] [unzip] Entry: client/assets/provider-icons/auth_service_mslive.svg (compressed_size=203 bytes, uncompressed_size=378 bytes)
[debug] [2023-06-17T15:01:10.561Z] [unzip] Processing entry: client/assets/provider-icons/auth_service_mslive.svg
[debug] [2023-06-17T15:01:10.561Z] [unzip] else mkdir: /Users/viniciusgoneli/.cache/firebase/emulators/ui-v1.11.6/client/assets/provider-icons
[debug] [2023-06-17T15:01:10.561Z] [unzip] deflating: /Users/viniciusgoneli/.cache/firebase/emulators/ui-v1.11.6/client/assets/provider-icons/auth_service_mslive.svg
[debug] [2023-06-17T15:01:10.561Z] [unzip] Entry: client/assets/provider-icons/auth_service_facebook.svg (compressed_size=289 bytes, uncompressed_size=457 bytes)
[debug] [2023-06-17T15:01:10.561Z] [unzip] Processing entry: client/assets/provider-icons/auth_service_facebook.svg
[debug] [2023-06-17T15:01:10.561Z] [unzip] else mkdir: /Users/viniciusgoneli/.cache/firebase/emulators/ui-v1.11.6/client/assets/provider-icons
[debug] [2023-06-17T15:01:10.562Z] [unzip] deflating: /Users/viniciusgoneli/.cache/firebase/emulators/ui-v1.11.6/client/assets/provider-icons/auth_service_facebook.svg
[debug] [2023-06-17T15:01:10.562Z] [unzip] Entry: client/assets/provider-icons/auth_service_play_games.svg (compressed_size=565 bytes, uncompressed_size=1173 bytes)
[debug] [2023-06-17T15:01:10.562Z] [unzip] Processing entry: client/assets/provider-icons/auth_service_play_games.svg
[debug] [2023-06-17T15:01:10.562Z] [unzip] else mkdir: /Users/viniciusgoneli/.cache/firebase/emulators/ui-v1.11.6/client/assets/provider-icons
[debug] [2023-06-17T15:01:10.562Z] [unzip] deflating: /Users/viniciusgoneli/.cache/firebase/emulators/ui-v1.11.6/client/assets/provider-icons/auth_service_play_games.svg
[debug] [2023-06-17T15:01:10.562Z] [unzip] Entry: client/assets/provider-icons/auth_service_github.svg (compressed_size=466 bytes, uncompressed_size=838 bytes)
[debug] [2023-06-17T15:01:10.562Z] [unzip] Processing entry: client/assets/provider-icons/auth_service_github.svg
[debug] [2023-06-17T15:01:10.562Z] [unzip] else mkdir: /Users/viniciusgoneli/.cache/firebase/emulators/ui-v1.11.6/client/assets/provider-icons
[debug] [2023-06-17T15:01:10.562Z] [unzip] deflating: /Users/viniciusgoneli/.cache/firebase/emulators/ui-v1.11.6/client/assets/provider-icons/auth_service_github.svg
[debug] [2023-06-17T15:01:10.563Z] [unzip] Entry: client/assets/provider-icons/auth_service_apple.svg (compressed_size=230 bytes, uncompressed_size=334 bytes)
[debug] [2023-06-17T15:01:10.563Z] [unzip] Processing entry: client/assets/provider-icons/auth_service_apple.svg
[debug] [2023-06-17T15:01:10.563Z] [unzip] else mkdir: /Users/viniciusgoneli/.cache/firebase/emulators/ui-v1.11.6/client/assets/provider-icons
[debug] [2023-06-17T15:01:10.563Z] [unzip] deflating: /Users/viniciusgoneli/.cache/firebase/emulators/ui-v1.11.6/client/assets/provider-icons/auth_service_apple.svg
[debug] [2023-06-17T15:01:10.563Z] [unzip] Entry: client/assets/provider-icons/auth_service_google.svg (compressed_size=409 bytes, uncompressed_size=720 bytes)
[debug] [2023-06-17T15:01:10.563Z] [unzip] Processing entry: client/assets/provider-icons/auth_service_google.svg
[debug] [2023-06-17T15:01:10.563Z] [unzip] else mkdir: /Users/viniciusgoneli/.cache/firebase/emulators/ui-v1.11.6/client/assets/provider-icons
[debug] [2023-06-17T15:01:10.563Z] [unzip] deflating: /Users/viniciusgoneli/.cache/firebase/emulators/ui-v1.11.6/client/assets/provider-icons/auth_service_google.svg
[debug] [2023-06-17T15:01:10.564Z] [unzip] Entry: client/assets/provider-icons/auth_service_email.svg (compressed_size=228 bytes, uncompressed_size=326 bytes)
[debug] [2023-06-17T15:01:10.564Z] [unzip] Processing entry: client/assets/provider-icons/auth_service_email.svg
[debug] [2023-06-17T15:01:10.564Z] [unzip] else mkdir: /Users/viniciusgoneli/.cache/firebase/emulators/ui-v1.11.6/client/assets/provider-icons
[debug] [2023-06-17T15:01:10.564Z] [unzip] deflating: /Users/viniciusgoneli/.cache/firebase/emulators/ui-v1.11.6/client/assets/provider-icons/auth_service_email.svg
[debug] [2023-06-17T15:01:10.564Z] [unzip] Entry: client/assets/provider-icons/auth_service_twitter.svg (compressed_size=444 bytes, uncompressed_size=751 bytes)
[debug] [2023-06-17T15:01:10.564Z] [unzip] Processing entry: client/assets/provider-icons/auth_service_twitter.svg
[debug] [2023-06-17T15:01:10.564Z] [unzip] else mkdir: /Users/viniciusgoneli/.cache/firebase/emulators/ui-v1.11.6/client/assets/provider-icons
[debug] [2023-06-17T15:01:10.564Z] [unzip] deflating: /Users/viniciusgoneli/.cache/firebase/emulators/ui-v1.11.6/client/assets/provider-icons/auth_service_twitter.svg
[debug] [2023-06-17T15:01:10.564Z] [unzip] Entry: client/assets/provider-icons/auth_service_game_center.svg (compressed_size=991 bytes, uncompressed_size=3921 bytes)
[debug] [2023-06-17T15:01:10.564Z] [unzip] Processing entry: client/assets/provider-icons/auth_service_game_center.svg
[debug] [2023-06-17T15:01:10.564Z] [unzip] else mkdir: /Users/viniciusgoneli/.cache/firebase/emulators/ui-v1.11.6/client/assets/provider-icons
[debug] [2023-06-17T15:01:10.564Z] [unzip] deflating: /Users/viniciusgoneli/.cache/firebase/emulators/ui-v1.11.6/client/assets/provider-icons/auth_service_game_center.svg
[debug] [2023-06-17T15:01:10.564Z] [unzip] Entry: client/assets/img/ (compressed_size=0 bytes, uncompressed_size=0 bytes)
[debug] [2023-06-17T15:01:10.564Z] [unzip] Processing entry: client/assets/img/
[debug] [2023-06-17T15:01:10.564Z] [unzip] mkdir: /Users/viniciusgoneli/.cache/firebase/emulators/ui-v1.11.6/client/assets/img/
[debug] [2023-06-17T15:01:10.565Z] [unzip] Entry: client/assets/img/database.png (compressed_size=29449 bytes, uncompressed_size=29988 bytes)
[debug] [2023-06-17T15:01:10.565Z] [unzip] Processing entry: client/assets/img/database.png
[debug] [2023-06-17T15:01:10.565Z] [unzip] else mkdir: /Users/viniciusgoneli/.cache/firebase/emulators/ui-v1.11.6/client/assets/img
[debug] [2023-06-17T15:01:10.565Z] [unzip] deflating: /Users/viniciusgoneli/.cache/firebase/emulators/ui-v1.11.6/client/assets/img/database.png
[debug] [2023-06-17T15:01:10.565Z] [unzip] Entry: client/assets/index.b9383ce5.css (compressed_size=37605 bytes, uncompressed_size=321268 bytes)
[debug] [2023-06-17T15:01:10.565Z] [unzip] Processing entry: client/assets/index.b9383ce5.css
[debug] [2023-06-17T15:01:10.565Z] [unzip] else mkdir: /Users/viniciusgoneli/.cache/firebase/emulators/ui-v1.11.6/client/assets
[debug] [2023-06-17T15:01:10.565Z] [unzip] deflating: /Users/viniciusgoneli/.cache/firebase/emulators/ui-v1.11.6/client/assets/index.b9383ce5.css
[debug] [2023-06-17T15:01:10.566Z] [unzip] Entry: client/assets/index.85584c3f.js.map (compressed_size=1778028 bytes, uncompressed_size=7960238 bytes)
[debug] [2023-06-17T15:01:10.566Z] [unzip] Processing entry: client/assets/index.85584c3f.js.map
[debug] [2023-06-17T15:01:10.566Z] [unzip] else mkdir: /Users/viniciusgoneli/.cache/firebase/emulators/ui-v1.11.6/client/assets
[debug] [2023-06-17T15:01:10.566Z] [unzip] deflating: /Users/viniciusgoneli/.cache/firebase/emulators/ui-v1.11.6/client/assets/index.85584c3f.js.map
[debug] [2023-06-17T15:01:10.592Z] [unzip] Entry: client/safari-pinned-tab.svg (compressed_size=838 bytes, uncompressed_size=1504 bytes)
[debug] [2023-06-17T15:01:10.592Z] [unzip] Processing entry: client/safari-pinned-tab.svg
[debug] [2023-06-17T15:01:10.592Z] [unzip] else mkdir: /Users/viniciusgoneli/.cache/firebase/emulators/ui-v1.11.6/client
[debug] [2023-06-17T15:01:10.592Z] [unzip] deflating: /Users/viniciusgoneli/.cache/firebase/emulators/ui-v1.11.6/client/safari-pinned-tab.svg
[debug] [2023-06-17T15:01:10.593Z] [unzip] Entry: client/mstile-150x150.png (compressed_size=5406 bytes, uncompressed_size=5723 bytes)
[debug] [2023-06-17T15:01:10.593Z] [unzip] Processing entry: client/mstile-150x150.png
[debug] [2023-06-17T15:01:10.593Z] [unzip] else mkdir: /Users/viniciusgoneli/.cache/firebase/emulators/ui-v1.11.6/client
[debug] [2023-06-17T15:01:10.593Z] [unzip] deflating: /Users/viniciusgoneli/.cache/firebase/emulators/ui-v1.11.6/client/mstile-150x150.png
[debug] [2023-06-17T15:01:10.593Z] [unzip] Entry: client/browserconfig.xml (compressed_size=491 bytes, uncompressed_size=822 bytes)
[debug] [2023-06-17T15:01:10.593Z] [unzip] Processing entry: client/browserconfig.xml
[debug] [2023-06-17T15:01:10.593Z] [unzip] else mkdir: /Users/viniciusgoneli/.cache/firebase/emulators/ui-v1.11.6/client
[debug] [2023-06-17T15:01:10.593Z] [unzip] deflating: /Users/viniciusgoneli/.cache/firebase/emulators/ui-v1.11.6/client/browserconfig.xml
[debug] [2023-06-17T15:01:10.593Z] [unzip] Entry: client/robots.txt (compressed_size=26 bytes, uncompressed_size=26 bytes)
[debug] [2023-06-17T15:01:10.593Z] [unzip] Processing entry: client/robots.txt
[debug] [2023-06-17T15:01:10.593Z] [unzip] else mkdir: /Users/viniciusgoneli/.cache/firebase/emulators/ui-v1.11.6/client
[debug] [2023-06-17T15:01:10.593Z] [unzip] Writing file: /Users/viniciusgoneli/.cache/firebase/emulators/ui-v1.11.6/client/robots.txt
[debug] [2023-06-17T15:01:10.594Z] [unzip] Entry: client/index.html (compressed_size=1363 bytes, uncompressed_size=3064 bytes)
[debug] [2023-06-17T15:01:10.594Z] [unzip] Processing entry: client/index.html
[debug] [2023-06-17T15:01:10.594Z] [unzip] else mkdir: /Users/viniciusgoneli/.cache/firebase/emulators/ui-v1.11.6/client
[debug] [2023-06-17T15:01:10.594Z] [unzip] deflating: /Users/viniciusgoneli/.cache/firebase/emulators/ui-v1.11.6/client/index.html
[debug] [2023-06-17T15:01:10.594Z] [unzip] Entry: client/favicon-16x16.png (compressed_size=757 bytes, uncompressed_size=777 bytes)
[debug] [2023-06-17T15:01:10.594Z] [unzip] Processing entry: client/favicon-16x16.png
[debug] [2023-06-17T15:01:10.594Z] [unzip] else mkdir: /Users/viniciusgoneli/.cache/firebase/emulators/ui-v1.11.6/client
[debug] [2023-06-17T15:01:10.594Z] [unzip] deflating: /Users/viniciusgoneli/.cache/firebase/emulators/ui-v1.11.6/client/favicon-16x16.png
[debug] [2023-06-17T15:01:10.594Z] [unzip] Entry: client/manifest.json (compressed_size=246 bytes, uncompressed_size=551 bytes)
[debug] [2023-06-17T15:01:10.594Z] [unzip] Processing entry: client/manifest.json
[debug] [2023-06-17T15:01:10.594Z] [unzip] else mkdir: /Users/viniciusgoneli/.cache/firebase/emulators/ui-v1.11.6/client
[debug] [2023-06-17T15:01:10.595Z] [unzip] deflating: /Users/viniciusgoneli/.cache/firebase/emulators/ui-v1.11.6/client/manifest.json
[debug] [2023-06-17T15:01:10.595Z] [unzip] Entry: client/favicon-32x32.png (compressed_size=1175 bytes, uncompressed_size=1175 bytes)
[debug] [2023-06-17T15:01:10.595Z] [unzip] Processing entry: client/favicon-32x32.png
[debug] [2023-06-17T15:01:10.595Z] [unzip] else mkdir: /Users/viniciusgoneli/.cache/firebase/emulators/ui-v1.11.6/client
[debug] [2023-06-17T15:01:10.595Z] [unzip] Writing file: /Users/viniciusgoneli/.cache/firebase/emulators/ui-v1.11.6/client/favicon-32x32.png
[debug] [2023-06-17T15:01:10.595Z] [unzip] Entry: client/android-chrome-192x192.png (compressed_size=7602 bytes, uncompressed_size=7834 bytes)
[debug] [2023-06-17T15:01:10.595Z] [unzip] Processing entry: client/android-chrome-192x192.png
[debug] [2023-06-17T15:01:10.595Z] [unzip] else mkdir: /Users/viniciusgoneli/.cache/firebase/emulators/ui-v1.11.6/client
[debug] [2023-06-17T15:01:10.595Z] [unzip] deflating: /Users/viniciusgoneli/.cache/firebase/emulators/ui-v1.11.6/client/android-chrome-192x192.png
[debug] [2023-06-17T15:01:10.595Z] [unzip] Entry: server/ (compressed_size=0 bytes, uncompressed_size=0 bytes)
[debug] [2023-06-17T15:01:10.595Z] [unzip] Processing entry: server/
[debug] [2023-06-17T15:01:10.595Z] [unzip] mkdir: /Users/viniciusgoneli/.cache/firebase/emulators/ui-v1.11.6/server/
[debug] [2023-06-17T15:01:10.596Z] [unzip] Entry: server/server.js (compressed_size=343746 bytes, uncompressed_size=1346374 bytes)
[debug] [2023-06-17T15:01:10.596Z] [unzip] Processing entry: server/server.js
[debug] [2023-06-17T15:01:10.596Z] [unzip] else mkdir: /Users/viniciusgoneli/.cache/firebase/emulators/ui-v1.11.6/server
[debug] [2023-06-17T15:01:10.596Z] [unzip] deflating: /Users/viniciusgoneli/.cache/firebase/emulators/ui-v1.11.6/server/server.js
[debug] [2023-06-17T15:01:10.600Z] [unzip] Entry: server/server.js.map (compressed_size=289157 bytes, uncompressed_size=1325651 bytes)
[debug] [2023-06-17T15:01:10.600Z] [unzip] Processing entry: server/server.js.map
[debug] [2023-06-17T15:01:10.600Z] [unzip] else mkdir: /Users/viniciusgoneli/.cache/firebase/emulators/ui-v1.11.6/server
[debug] [2023-06-17T15:01:10.600Z] [unzip] deflating: /Users/viniciusgoneli/.cache/firebase/emulators/ui-v1.11.6/server/server.js.map
[debug] [2023-06-17T15:01:10.605Z] Ignoring unsupported arg: auto_download {"metadata":{"emulator":{"name":"ui"},"message":"Ignoring unsupported arg: auto_download"}}
[debug] [2023-06-17T15:01:10.605Z] Ignoring unsupported arg: port {"metadata":{"emulator":{"name":"ui"},"message":"Ignoring unsupported arg: port"}}
[debug] [2023-06-17T15:01:10.605Z] Starting Emulator UI with command {"binary":"node","args":["/Users/viniciusgoneli/.cache/firebase/emulators/ui-v1.11.6/server/server.js"],"optionalArgs":[],"joinArgs":false} {"metadata":{"emulator":{"name":"ui"},"message":"Starting Emulator UI with command {\"binary\":\"node\",\"args\":[\"/Users/viniciusgoneli/.cache/firebase/emulators/ui-v1.11.6/server/server.js\"],\"optionalArgs\":[],\"joinArgs\":false}"}}
[info] i  ui: Emulator UI logging to ui-debug.log {"metadata":{"emulator":{"name":"ui"},"message":"Emulator UI logging to \u001b[1mui-debug.log\u001b[22m"}}
[debug] [2023-06-17T15:01:10.667Z] Web / API server started at 127.0.0.1:9003
 {"metadata":{"emulator":{"name":"ui"},"message":"Web / API server started at 127.0.0.1:9003\n"}}
[debug] [2023-06-17T15:01:10.667Z] Web / API server started at ::1:9003
 {"metadata":{"emulator":{"name":"ui"},"message":"Web / API server started at ::1:9003\n"}}
[debug] [2023-06-17T15:01:10.860Z] >>> [apiv2][query] PUT http://127.0.0.1:9001/.settings/rules.json ns=tecnoshop-4aa05-default-rtdb
[debug] [2023-06-17T15:01:10.860Z] >>> [apiv2][body] PUT http://127.0.0.1:9001/.settings/rules.json "{\n  \"rules\": {\n    \".read\": \"now < 1689476400000\",  // 2023-7-16\n    \".write\": \"now < 1689476400000\",  // 2023-7-16\n  }\n}"
[debug] [2023-06-17T15:01:11.071Z] 12:01:11.070 [NamespaceSystem-akka.actor.default-dispatcher-4] INFO com.firebase.core.namespace.NamespaceActor - tecnoshop-4aa05-default-rtdb successfully activated FBKV (SurveyIdle(0)) wait: 94ms, init: 0ms
 {"metadata":{"emulator":{"name":"database"},"message":"12:01:11.070 [NamespaceSystem-akka.actor.default-dispatcher-4] INFO com.firebase.core.namespace.NamespaceActor - tecnoshop-4aa05-default-rtdb successfully activated FBKV (SurveyIdle(0)) wait: 94ms, init: 0ms\n"}}
[debug] [2023-06-17T15:01:11.123Z] 12:01:11.122 [NamespaceSystem-blocking-namespace-operation-dispatcher-6] INFO com.firebase.core.namespace.StateManager - Namespace tecnoshop-4aa05-default-rtdb status Active to Active
 {"metadata":{"emulator":{"name":"database"},"message":"12:01:11.122 [NamespaceSystem-blocking-namespace-operation-dispatcher-6] INFO com.firebase.core.namespace.StateManager - Namespace tecnoshop-4aa05-default-rtdb status Active to Active\n"}}
[debug] [2023-06-17T15:01:11.150Z] <<< [apiv2][status] PUT http://127.0.0.1:9001/.settings/rules.json 200
[debug] [2023-06-17T15:01:11.150Z] <<< [apiv2][body] PUT http://127.0.0.1:9001/.settings/rules.json {"status":"ok"}
[info] 
┌─────────────────────────────────────────────────────────────┐
│ ✔  All emulators ready! It is now safe to connect your app. │
│ i  View Emulator UI at http://127.0.0.1:9003/               │
└─────────────────────────────────────────────────────────────┘

┌────────────────┬────────────────┬────────────────────────────────┐
│ Emulator       │ Host:Port      │ View in Emulator UI            │
├────────────────┼────────────────┼────────────────────────────────┤
│ Authentication │ 127.0.0.1:9000 │ http://127.0.0.1:9003/auth     │
├────────────────┼────────────────┼────────────────────────────────┤
│ Database       │ 127.0.0.1:9001 │ http://127.0.0.1:9003/database │
├────────────────┼────────────────┼────────────────────────────────┤
│ Storage        │ 127.0.0.1:9002 │ http://127.0.0.1:9003/storage  │
└────────────────┴────────────────┴────────────────────────────────┘
  Emulator Hub running at 127.0.0.1:4400
  Other reserved ports: 4500

Issues? Report them at https://github.com/firebase/firebase-tools/issues and attach the *-debug.log files.
 
[debug] [2023-06-17T15:01:54.442Z] >>> [apiv2][query] GET https://firebase.googleapis.com/v1beta1/projects/tecnoshop-4aa05/adminSdkConfig [none]
[debug] [2023-06-17T15:01:54.918Z] <<< [apiv2][status] GET https://firebase.googleapis.com/v1beta1/projects/tecnoshop-4aa05/adminSdkConfig 200
[debug] [2023-06-17T15:01:54.922Z] <<< [apiv2][body] GET https://firebase.googleapis.com/v1beta1/projects/tecnoshop-4aa05/adminSdkConfig {"projectId":"tecnoshop-4aa05","databaseURL":"https://tecnoshop-4aa05-default-rtdb.firebaseio.com","storageBucket":"tecnoshop-4aa05.appspot.com","locationId":"us-central"}
[info] i  storage: Change detected, updating rules for Cloud Storage... {"metadata":{"emulator":{"name":"storage"},"message":"Change detected, updating rules for Cloud Storage..."}}
[debug] [2023-06-17T16:23:16.698Z] 13:23:16.698 [FirebaseWorkerPool-1-3] WARN com.firebase.core.persistence.backend.dummy.EmulatorMetadataPersistence - Multiple projectIds are not recommended in single project mode. Requested 
namespace tecnoshop-4aa05, but the emulator is configured for tecnoshop-4aa05-default-rtdb. To 
opt-out of single project mode add/set the singleProjectMode: false property in 
the firebase.json emulators config. 
 {"metadata":{"emulator":{"name":"database"},"message":"13:23:16.698 [FirebaseWorkerPool-1-3] WARN com.firebase.core.persistence.backend.dummy.EmulatorMetadataPersistence - Multiple projectIds are not recommended in single project mode. Requested \nnamespace tecnoshop-4aa05, but the emulator is configured for tecnoshop-4aa05-default-rtdb. To \nopt-out of single project mode add/set the singleProjectMode: false property in \nthe firebase.json emulators config. \n"}}
[debug] [2023-06-17T16:23:16.703Z] 13:23:16.703 [NamespaceSystem-akka.actor.default-dispatcher-8] INFO com.firebase.core.namespace.NamespaceActor - tecnoshop-4aa05 successfully activated FBKV (SurveyIdle(0)) wait: 2ms, init: 0ms
 {"metadata":{"emulator":{"name":"database"},"message":"13:23:16.703 [NamespaceSystem-akka.actor.default-dispatcher-8] INFO com.firebase.core.namespace.NamespaceActor - tecnoshop-4aa05 successfully activated FBKV (SurveyIdle(0)) wait: 2ms, init: 0ms\n"}}
